2022-01-12 10:33:03.805 [main] INFO  org.springframework.context.support.PostProcessorRegistrationDelegate$BeanPostProcessorChecker-Bean 'org.springframework.cloud.autoconfigure.ConfigurationPropertiesRebinderAutoConfiguration' of type [org.springframework.cloud.autoconfigure.ConfigurationPropertiesRebinderAutoConfiguration$$EnhancerBySpringCGLIB$$1] is not eligible for getting processed by all BeanPostProcessors (for example: not eligible for auto-proxying)
2022-01-12 10:33:04.591 [main] INFO  com.gotostudy.study.edu.StudyEduApplication-No active profile set, falling back to default profiles: default
2022-01-12 10:33:05.968 [main] INFO  org.springframework.cloud.context.scope.GenericScope-BeanFactory id=5aa11e41-ab68-3faa-8d9e-40776e3af305
2022-01-12 10:33:06.162 [main] INFO  org.springframework.context.support.PostProcessorRegistrationDelegate$BeanPostProcessorChecker-Bean 'org.springframework.transaction.annotation.ProxyTransactionManagementConfiguration' of type [org.springframework.transaction.annotation.ProxyTransactionManagementConfiguration] is not eligible for getting processed by all BeanPostProcessors (for example: not eligible for auto-proxying)
2022-01-12 10:33:06.551 [main] INFO  org.springframework.context.support.PostProcessorRegistrationDelegate$BeanPostProcessorChecker-Bean 'org.springframework.cloud.autoconfigure.ConfigurationPropertiesRebinderAutoConfiguration' of type [org.springframework.cloud.autoconfigure.ConfigurationPropertiesRebinderAutoConfiguration$$EnhancerBySpringCGLIB$$1] is not eligible for getting processed by all BeanPostProcessors (for example: not eligible for auto-proxying)
2022-01-12 10:33:06.980 [main] INFO  org.springframework.boot.web.embedded.tomcat.TomcatWebServer-Tomcat initialized with port(s): 8002 (http)
2022-01-12 10:33:07.013 [main] INFO  org.apache.coyote.http11.Http11NioProtocol-Initializing ProtocolHandler ["http-nio-8002"]
2022-01-12 10:33:07.014 [main] INFO  org.apache.catalina.core.StandardService-Starting service [Tomcat]
2022-01-12 10:33:07.014 [main] INFO  org.apache.catalina.core.StandardEngine-Starting Servlet engine: [Apache Tomcat/9.0.29]
2022-01-12 10:33:07.262 [main] INFO  org.apache.catalina.core.ContainerBase.[Tomcat].[localhost].[/]-Initializing Spring embedded WebApplicationContext
2022-01-12 10:33:07.262 [main] INFO  org.springframework.web.context.ContextLoader-Root WebApplicationContext: initialization completed in 2654 ms
2022-01-12 10:33:09.105 [main] INFO  springfox.documentation.spring.web.PropertySourcedRequestMappingHandlerMapping-Mapped URL path [/v2/api-docs] onto method [springfox.documentation.swagger2.web.Swagger2Controller#getDocumentation(String, HttpServletRequest)]
2022-01-12 10:33:09.135 [main] INFO  com.netflix.config.sources.URLConfigurationSource-To enable URLs as dynamic configuration sources, define System property archaius.configurationSource.additionalUrls or make config.properties available on classpath.
2022-01-12 10:33:09.151 [main] INFO  com.netflix.config.sources.URLConfigurationSource-To enable URLs as dynamic configuration sources, define System property archaius.configurationSource.additionalUrls or make config.properties available on classpath.
2022-01-12 10:33:09.310 [main] INFO  org.springframework.scheduling.concurrent.ThreadPoolTaskExecutor-Initializing ExecutorService 'applicationTaskExecutor'
2022-01-12 10:33:10.020 [main] INFO  org.springframework.scheduling.concurrent.ThreadPoolTaskScheduler-Initializing ExecutorService
2022-01-12 10:33:11.264 [main] INFO  springfox.documentation.spring.web.plugins.DocumentationPluginsBootstrapper-Context refreshed
2022-01-12 10:33:11.296 [main] INFO  springfox.documentation.spring.web.plugins.DocumentationPluginsBootstrapper-Found 1 custom documentation plugin(s)
2022-01-12 10:33:11.343 [main] INFO  springfox.documentation.spring.web.scanners.ApiListingReferenceScanner-Scanning for api listing references
2022-01-12 10:33:11.547 [main] INFO  springfox.documentation.spring.web.readers.operation.CachingOperationNameGenerator-Generating unique operation named: deleteUsingGET_1
2022-01-12 10:33:11.548 [main] INFO  springfox.documentation.spring.web.readers.operation.CachingOperationNameGenerator-Generating unique operation named: deleteUsingHEAD_1
2022-01-12 10:33:11.549 [main] INFO  springfox.documentation.spring.web.readers.operation.CachingOperationNameGenerator-Generating unique operation named: deleteUsingPOST_1
2022-01-12 10:33:11.549 [main] INFO  springfox.documentation.spring.web.readers.operation.CachingOperationNameGenerator-Generating unique operation named: deleteUsingPUT_1
2022-01-12 10:33:11.550 [main] INFO  springfox.documentation.spring.web.readers.operation.CachingOperationNameGenerator-Generating unique operation named: deleteUsingPATCH_1
2022-01-12 10:33:11.550 [main] INFO  springfox.documentation.spring.web.readers.operation.CachingOperationNameGenerator-Generating unique operation named: deleteUsingDELETE_1
2022-01-12 10:33:11.550 [main] INFO  springfox.documentation.spring.web.readers.operation.CachingOperationNameGenerator-Generating unique operation named: deleteUsingOPTIONS_1
2022-01-12 10:33:11.551 [main] INFO  springfox.documentation.spring.web.readers.operation.CachingOperationNameGenerator-Generating unique operation named: deleteUsingTRACE_1
2022-01-12 10:33:11.552 [main] INFO  springfox.documentation.spring.web.readers.operation.CachingOperationNameGenerator-Generating unique operation named: infoUsingGET_1
2022-01-12 10:33:11.553 [main] INFO  springfox.documentation.spring.web.readers.operation.CachingOperationNameGenerator-Generating unique operation named: infoUsingHEAD_1
2022-01-12 10:33:11.554 [main] INFO  springfox.documentation.spring.web.readers.operation.CachingOperationNameGenerator-Generating unique operation named: infoUsingPOST_1
2022-01-12 10:33:11.554 [main] INFO  springfox.documentation.spring.web.readers.operation.CachingOperationNameGenerator-Generating unique operation named: infoUsingPUT_1
2022-01-12 10:33:11.554 [main] INFO  springfox.documentation.spring.web.readers.operation.CachingOperationNameGenerator-Generating unique operation named: infoUsingPATCH_1
2022-01-12 10:33:11.555 [main] INFO  springfox.documentation.spring.web.readers.operation.CachingOperationNameGenerator-Generating unique operation named: infoUsingDELETE_1
2022-01-12 10:33:11.555 [main] INFO  springfox.documentation.spring.web.readers.operation.CachingOperationNameGenerator-Generating unique operation named: infoUsingOPTIONS_1
2022-01-12 10:33:11.556 [main] INFO  springfox.documentation.spring.web.readers.operation.CachingOperationNameGenerator-Generating unique operation named: infoUsingTRACE_1
2022-01-12 10:33:11.558 [main] INFO  springfox.documentation.spring.web.readers.operation.CachingOperationNameGenerator-Generating unique operation named: listUsingGET_1
2022-01-12 10:33:11.558 [main] INFO  springfox.documentation.spring.web.readers.operation.CachingOperationNameGenerator-Generating unique operation named: listUsingHEAD_1
2022-01-12 10:33:11.559 [main] INFO  springfox.documentation.spring.web.readers.operation.CachingOperationNameGenerator-Generating unique operation named: listUsingPOST_1
2022-01-12 10:33:11.559 [main] INFO  springfox.documentation.spring.web.readers.operation.CachingOperationNameGenerator-Generating unique operation named: listUsingPUT_1
2022-01-12 10:33:11.559 [main] INFO  springfox.documentation.spring.web.readers.operation.CachingOperationNameGenerator-Generating unique operation named: listUsingPATCH_1
2022-01-12 10:33:11.560 [main] INFO  springfox.documentation.spring.web.readers.operation.CachingOperationNameGenerator-Generating unique operation named: listUsingDELETE_1
2022-01-12 10:33:11.560 [main] INFO  springfox.documentation.spring.web.readers.operation.CachingOperationNameGenerator-Generating unique operation named: listUsingOPTIONS_1
2022-01-12 10:33:11.561 [main] INFO  springfox.documentation.spring.web.readers.operation.CachingOperationNameGenerator-Generating unique operation named: listUsingTRACE_1
2022-01-12 10:33:11.565 [main] INFO  springfox.documentation.spring.web.readers.operation.CachingOperationNameGenerator-Generating unique operation named: saveUsingGET_1
2022-01-12 10:33:11.566 [main] INFO  springfox.documentation.spring.web.readers.operation.CachingOperationNameGenerator-Generating unique operation named: saveUsingHEAD_1
2022-01-12 10:33:11.566 [main] INFO  springfox.documentation.spring.web.readers.operation.CachingOperationNameGenerator-Generating unique operation named: saveUsingPOST_1
2022-01-12 10:33:11.567 [main] INFO  springfox.documentation.spring.web.readers.operation.CachingOperationNameGenerator-Generating unique operation named: saveUsingPUT_1
2022-01-12 10:33:11.567 [main] INFO  springfox.documentation.spring.web.readers.operation.CachingOperationNameGenerator-Generating unique operation named: saveUsingPATCH_1
2022-01-12 10:33:11.567 [main] INFO  springfox.documentation.spring.web.readers.operation.CachingOperationNameGenerator-Generating unique operation named: saveUsingDELETE_1
2022-01-12 10:33:11.568 [main] INFO  springfox.documentation.spring.web.readers.operation.CachingOperationNameGenerator-Generating unique operation named: saveUsingOPTIONS_1
2022-01-12 10:33:11.568 [main] INFO  springfox.documentation.spring.web.readers.operation.CachingOperationNameGenerator-Generating unique operation named: saveUsingTRACE_1
2022-01-12 10:33:11.569 [main] INFO  springfox.documentation.spring.web.readers.operation.CachingOperationNameGenerator-Generating unique operation named: updateUsingGET_1
2022-01-12 10:33:11.570 [main] INFO  springfox.documentation.spring.web.readers.operation.CachingOperationNameGenerator-Generating unique operation named: updateUsingHEAD_1
2022-01-12 10:33:11.570 [main] INFO  springfox.documentation.spring.web.readers.operation.CachingOperationNameGenerator-Generating unique operation named: updateUsingPOST_1
2022-01-12 10:33:11.571 [main] INFO  springfox.documentation.spring.web.readers.operation.CachingOperationNameGenerator-Generating unique operation named: updateUsingPUT_1
2022-01-12 10:33:11.572 [main] INFO  springfox.documentation.spring.web.readers.operation.CachingOperationNameGenerator-Generating unique operation named: updateUsingPATCH_1
2022-01-12 10:33:11.572 [main] INFO  springfox.documentation.spring.web.readers.operation.CachingOperationNameGenerator-Generating unique operation named: updateUsingDELETE_1
2022-01-12 10:33:11.572 [main] INFO  springfox.documentation.spring.web.readers.operation.CachingOperationNameGenerator-Generating unique operation named: updateUsingOPTIONS_1
2022-01-12 10:33:11.572 [main] INFO  springfox.documentation.spring.web.readers.operation.CachingOperationNameGenerator-Generating unique operation named: updateUsingTRACE_1
2022-01-12 10:33:11.594 [main] INFO  org.apache.coyote.http11.Http11NioProtocol-Starting ProtocolHandler ["http-nio-8002"]
2022-01-12 10:33:11.627 [main] INFO  org.springframework.boot.web.embedded.tomcat.TomcatWebServer-Tomcat started on port(s): 8002 (http) with context path ''
2022-01-12 10:33:12.387 [main] INFO  com.gotostudy.study.edu.StudyEduApplication-Started StudyEduApplication in 10.638 seconds (JVM running for 22.583)
2022-01-12 10:33:23.311 [http-nio-8002-exec-2] INFO  org.apache.catalina.core.ContainerBase.[Tomcat].[localhost].[/]-Initializing Spring DispatcherServlet 'dispatcherServlet'
2022-01-12 10:33:23.311 [http-nio-8002-exec-2] INFO  org.springframework.web.servlet.DispatcherServlet-Initializing Servlet 'dispatcherServlet'
2022-01-12 10:33:23.332 [http-nio-8002-exec-2] INFO  org.springframework.web.servlet.DispatcherServlet-Completed initialization in 21 ms
2022-01-12 10:33:23.559 [http-nio-8002-exec-2] INFO  com.zaxxer.hikari.HikariDataSource-HikariPool-1 - Starting...
2022-01-12 10:33:23.984 [http-nio-8002-exec-2] INFO  com.zaxxer.hikari.HikariDataSource-HikariPool-1 - Start completed.
2022-01-12 10:35:39.924 [http-nio-8002-exec-5] INFO  springfox.documentation.spring.web.PropertySourcedRequestMappingHandlerMapping-Mapped URL path [/v2/api-docs] onto method [springfox.documentation.swagger2.web.Swagger2Controller#getDocumentation(String, HttpServletRequest)]
2022-01-12 10:39:44.971 [main] INFO  org.springframework.context.support.PostProcessorRegistrationDelegate$BeanPostProcessorChecker-Bean 'org.springframework.cloud.autoconfigure.ConfigurationPropertiesRebinderAutoConfiguration' of type [org.springframework.cloud.autoconfigure.ConfigurationPropertiesRebinderAutoConfiguration$$EnhancerBySpringCGLIB$$fbe88dc1] is not eligible for getting processed by all BeanPostProcessors (for example: not eligible for auto-proxying)
2022-01-12 10:39:45.593 [main] INFO  com.gotostudy.study.edu.StudyEduApplication-No active profile set, falling back to default profiles: default
2022-01-12 10:39:46.269 [main] INFO  org.springframework.cloud.context.scope.GenericScope-BeanFactory id=5aa11e41-ab68-3faa-8d9e-40776e3af305
2022-01-12 10:39:46.379 [main] INFO  org.springframework.context.support.PostProcessorRegistrationDelegate$BeanPostProcessorChecker-Bean 'org.springframework.transaction.annotation.ProxyTransactionManagementConfiguration' of type [org.springframework.transaction.annotation.ProxyTransactionManagementConfiguration] is not eligible for getting processed by all BeanPostProcessors (for example: not eligible for auto-proxying)
2022-01-12 10:39:46.464 [main] INFO  org.springframework.context.support.PostProcessorRegistrationDelegate$BeanPostProcessorChecker-Bean 'org.springframework.cloud.autoconfigure.ConfigurationPropertiesRebinderAutoConfiguration' of type [org.springframework.cloud.autoconfigure.ConfigurationPropertiesRebinderAutoConfiguration$$EnhancerBySpringCGLIB$$fbe88dc1] is not eligible for getting processed by all BeanPostProcessors (for example: not eligible for auto-proxying)
2022-01-12 10:39:46.651 [main] INFO  org.springframework.boot.web.embedded.tomcat.TomcatWebServer-Tomcat initialized with port(s): 8002 (http)
2022-01-12 10:39:46.658 [main] INFO  org.apache.coyote.http11.Http11NioProtocol-Initializing ProtocolHandler ["http-nio-8002"]
2022-01-12 10:39:46.659 [main] INFO  org.apache.catalina.core.StandardService-Starting service [Tomcat]
2022-01-12 10:39:46.659 [main] INFO  org.apache.catalina.core.StandardEngine-Starting Servlet engine: [Apache Tomcat/9.0.29]
2022-01-12 10:39:46.794 [main] INFO  org.apache.catalina.core.ContainerBase.[Tomcat].[localhost].[/]-Initializing Spring embedded WebApplicationContext
2022-01-12 10:39:46.795 [main] INFO  org.springframework.web.context.ContextLoader-Root WebApplicationContext: initialization completed in 1193 ms
2022-01-12 10:39:48.147 [main] INFO  springfox.documentation.spring.web.PropertySourcedRequestMappingHandlerMapping-Mapped URL path [/v2/api-docs] onto method [springfox.documentation.swagger2.web.Swagger2Controller#getDocumentation(String, HttpServletRequest)]
2022-01-12 10:39:48.161 [main] INFO  com.netflix.config.sources.URLConfigurationSource-To enable URLs as dynamic configuration sources, define System property archaius.configurationSource.additionalUrls or make config.properties available on classpath.
2022-01-12 10:39:48.164 [main] INFO  com.netflix.config.sources.URLConfigurationSource-To enable URLs as dynamic configuration sources, define System property archaius.configurationSource.additionalUrls or make config.properties available on classpath.
2022-01-12 10:39:48.262 [main] INFO  org.springframework.scheduling.concurrent.ThreadPoolTaskExecutor-Initializing ExecutorService 'applicationTaskExecutor'
2022-01-12 10:39:48.866 [main] INFO  org.springframework.scheduling.concurrent.ThreadPoolTaskScheduler-Initializing ExecutorService
2022-01-12 10:39:50.086 [main] INFO  springfox.documentation.spring.web.plugins.DocumentationPluginsBootstrapper-Context refreshed
2022-01-12 10:39:50.100 [main] INFO  springfox.documentation.spring.web.plugins.DocumentationPluginsBootstrapper-Found 1 custom documentation plugin(s)
2022-01-12 10:39:50.130 [main] INFO  springfox.documentation.spring.web.scanners.ApiListingReferenceScanner-Scanning for api listing references
2022-01-12 10:39:50.250 [main] INFO  springfox.documentation.spring.web.readers.operation.CachingOperationNameGenerator-Generating unique operation named: deleteUsingGET_1
2022-01-12 10:39:50.251 [main] INFO  springfox.documentation.spring.web.readers.operation.CachingOperationNameGenerator-Generating unique operation named: deleteUsingHEAD_1
2022-01-12 10:39:50.251 [main] INFO  springfox.documentation.spring.web.readers.operation.CachingOperationNameGenerator-Generating unique operation named: deleteUsingPOST_1
2022-01-12 10:39:50.252 [main] INFO  springfox.documentation.spring.web.readers.operation.CachingOperationNameGenerator-Generating unique operation named: deleteUsingPUT_1
2022-01-12 10:39:50.252 [main] INFO  springfox.documentation.spring.web.readers.operation.CachingOperationNameGenerator-Generating unique operation named: deleteUsingPATCH_1
2022-01-12 10:39:50.253 [main] INFO  springfox.documentation.spring.web.readers.operation.CachingOperationNameGenerator-Generating unique operation named: deleteUsingDELETE_1
2022-01-12 10:39:50.253 [main] INFO  springfox.documentation.spring.web.readers.operation.CachingOperationNameGenerator-Generating unique operation named: deleteUsingOPTIONS_1
2022-01-12 10:39:50.254 [main] INFO  springfox.documentation.spring.web.readers.operation.CachingOperationNameGenerator-Generating unique operation named: deleteUsingTRACE_1
2022-01-12 10:39:50.255 [main] INFO  springfox.documentation.spring.web.readers.operation.CachingOperationNameGenerator-Generating unique operation named: infoUsingGET_1
2022-01-12 10:39:50.256 [main] INFO  springfox.documentation.spring.web.readers.operation.CachingOperationNameGenerator-Generating unique operation named: infoUsingHEAD_1
2022-01-12 10:39:50.257 [main] INFO  springfox.documentation.spring.web.readers.operation.CachingOperationNameGenerator-Generating unique operation named: infoUsingPOST_1
2022-01-12 10:39:50.258 [main] INFO  springfox.documentation.spring.web.readers.operation.CachingOperationNameGenerator-Generating unique operation named: infoUsingPUT_1
2022-01-12 10:39:50.258 [main] INFO  springfox.documentation.spring.web.readers.operation.CachingOperationNameGenerator-Generating unique operation named: infoUsingPATCH_1
2022-01-12 10:39:50.259 [main] INFO  springfox.documentation.spring.web.readers.operation.CachingOperationNameGenerator-Generating unique operation named: infoUsingDELETE_1
2022-01-12 10:39:50.259 [main] INFO  springfox.documentation.spring.web.readers.operation.CachingOperationNameGenerator-Generating unique operation named: infoUsingOPTIONS_1
2022-01-12 10:39:50.260 [main] INFO  springfox.documentation.spring.web.readers.operation.CachingOperationNameGenerator-Generating unique operation named: infoUsingTRACE_1
2022-01-12 10:39:50.261 [main] INFO  springfox.documentation.spring.web.readers.operation.CachingOperationNameGenerator-Generating unique operation named: listUsingGET_1
2022-01-12 10:39:50.262 [main] INFO  springfox.documentation.spring.web.readers.operation.CachingOperationNameGenerator-Generating unique operation named: listUsingHEAD_1
2022-01-12 10:39:50.263 [main] INFO  springfox.documentation.spring.web.readers.operation.CachingOperationNameGenerator-Generating unique operation named: listUsingPOST_1
2022-01-12 10:39:50.263 [main] INFO  springfox.documentation.spring.web.readers.operation.CachingOperationNameGenerator-Generating unique operation named: listUsingPUT_1
2022-01-12 10:39:50.264 [main] INFO  springfox.documentation.spring.web.readers.operation.CachingOperationNameGenerator-Generating unique operation named: listUsingPATCH_1
2022-01-12 10:39:50.264 [main] INFO  springfox.documentation.spring.web.readers.operation.CachingOperationNameGenerator-Generating unique operation named: listUsingDELETE_1
2022-01-12 10:39:50.265 [main] INFO  springfox.documentation.spring.web.readers.operation.CachingOperationNameGenerator-Generating unique operation named: listUsingOPTIONS_1
2022-01-12 10:39:50.266 [main] INFO  springfox.documentation.spring.web.readers.operation.CachingOperationNameGenerator-Generating unique operation named: listUsingTRACE_1
2022-01-12 10:39:50.269 [main] INFO  springfox.documentation.spring.web.readers.operation.CachingOperationNameGenerator-Generating unique operation named: saveUsingGET_1
2022-01-12 10:39:50.270 [main] INFO  springfox.documentation.spring.web.readers.operation.CachingOperationNameGenerator-Generating unique operation named: saveUsingHEAD_1
2022-01-12 10:39:50.270 [main] INFO  springfox.documentation.spring.web.readers.operation.CachingOperationNameGenerator-Generating unique operation named: saveUsingPOST_1
2022-01-12 10:39:50.271 [main] INFO  springfox.documentation.spring.web.readers.operation.CachingOperationNameGenerator-Generating unique operation named: saveUsingPUT_1
2022-01-12 10:39:50.271 [main] INFO  springfox.documentation.spring.web.readers.operation.CachingOperationNameGenerator-Generating unique operation named: saveUsingPATCH_1
2022-01-12 10:39:50.272 [main] INFO  springfox.documentation.spring.web.readers.operation.CachingOperationNameGenerator-Generating unique operation named: saveUsingDELETE_1
2022-01-12 10:39:50.272 [main] INFO  springfox.documentation.spring.web.readers.operation.CachingOperationNameGenerator-Generating unique operation named: saveUsingOPTIONS_1
2022-01-12 10:39:50.273 [main] INFO  springfox.documentation.spring.web.readers.operation.CachingOperationNameGenerator-Generating unique operation named: saveUsingTRACE_1
2022-01-12 10:39:50.274 [main] INFO  springfox.documentation.spring.web.readers.operation.CachingOperationNameGenerator-Generating unique operation named: updateUsingGET_1
2022-01-12 10:39:50.274 [main] INFO  springfox.documentation.spring.web.readers.operation.CachingOperationNameGenerator-Generating unique operation named: updateUsingHEAD_1
2022-01-12 10:39:50.275 [main] INFO  springfox.documentation.spring.web.readers.operation.CachingOperationNameGenerator-Generating unique operation named: updateUsingPOST_1
2022-01-12 10:39:50.275 [main] INFO  springfox.documentation.spring.web.readers.operation.CachingOperationNameGenerator-Generating unique operation named: updateUsingPUT_1
2022-01-12 10:39:50.276 [main] INFO  springfox.documentation.spring.web.readers.operation.CachingOperationNameGenerator-Generating unique operation named: updateUsingPATCH_1
2022-01-12 10:39:50.276 [main] INFO  springfox.documentation.spring.web.readers.operation.CachingOperationNameGenerator-Generating unique operation named: updateUsingDELETE_1
2022-01-12 10:39:50.277 [main] INFO  springfox.documentation.spring.web.readers.operation.CachingOperationNameGenerator-Generating unique operation named: updateUsingOPTIONS_1
2022-01-12 10:39:50.277 [main] INFO  springfox.documentation.spring.web.readers.operation.CachingOperationNameGenerator-Generating unique operation named: updateUsingTRACE_1
2022-01-12 10:39:50.290 [main] INFO  org.apache.coyote.http11.Http11NioProtocol-Starting ProtocolHandler ["http-nio-8002"]
2022-01-12 10:39:50.308 [main] INFO  org.springframework.boot.web.embedded.tomcat.TomcatWebServer-Tomcat started on port(s): 8002 (http) with context path ''
2022-01-12 10:39:50.837 [main] INFO  com.gotostudy.study.edu.StudyEduApplication-Started StudyEduApplication in 7.21 seconds (JVM running for 8.438)
2022-01-12 10:40:21.536 [http-nio-8002-exec-2] INFO  org.apache.catalina.core.ContainerBase.[Tomcat].[localhost].[/]-Initializing Spring DispatcherServlet 'dispatcherServlet'
2022-01-12 10:40:21.536 [http-nio-8002-exec-2] INFO  org.springframework.web.servlet.DispatcherServlet-Initializing Servlet 'dispatcherServlet'
2022-01-12 10:40:21.546 [http-nio-8002-exec-2] INFO  org.springframework.web.servlet.DispatcherServlet-Completed initialization in 10 ms
2022-01-12 10:40:21.652 [http-nio-8002-exec-2] INFO  com.zaxxer.hikari.HikariDataSource-HikariPool-1 - Starting...
2022-01-12 10:40:22.526 [http-nio-8002-exec-2] INFO  com.zaxxer.hikari.HikariDataSource-HikariPool-1 - Start completed.
2022-01-12 10:43:22.988 [main] INFO  org.springframework.context.support.PostProcessorRegistrationDelegate$BeanPostProcessorChecker-Bean 'org.springframework.cloud.autoconfigure.ConfigurationPropertiesRebinderAutoConfiguration' of type [org.springframework.cloud.autoconfigure.ConfigurationPropertiesRebinderAutoConfiguration$$EnhancerBySpringCGLIB$$87bc33b6] is not eligible for getting processed by all BeanPostProcessors (for example: not eligible for auto-proxying)
2022-01-12 10:43:23.618 [main] INFO  com.gotostudy.study.edu.StudyEduApplication-No active profile set, falling back to default profiles: default
2022-01-12 10:43:24.324 [main] INFO  org.springframework.cloud.context.scope.GenericScope-BeanFactory id=5aa11e41-ab68-3faa-8d9e-40776e3af305
2022-01-12 10:43:24.461 [main] INFO  org.springframework.context.support.PostProcessorRegistrationDelegate$BeanPostProcessorChecker-Bean 'org.springframework.transaction.annotation.ProxyTransactionManagementConfiguration' of type [org.springframework.transaction.annotation.ProxyTransactionManagementConfiguration] is not eligible for getting processed by all BeanPostProcessors (for example: not eligible for auto-proxying)
2022-01-12 10:43:24.560 [main] INFO  org.springframework.context.support.PostProcessorRegistrationDelegate$BeanPostProcessorChecker-Bean 'org.springframework.cloud.autoconfigure.ConfigurationPropertiesRebinderAutoConfiguration' of type [org.springframework.cloud.autoconfigure.ConfigurationPropertiesRebinderAutoConfiguration$$EnhancerBySpringCGLIB$$87bc33b6] is not eligible for getting processed by all BeanPostProcessors (for example: not eligible for auto-proxying)
2022-01-12 10:43:24.818 [main] INFO  org.springframework.boot.web.embedded.tomcat.TomcatWebServer-Tomcat initialized with port(s): 8002 (http)
2022-01-12 10:43:24.828 [main] INFO  org.apache.coyote.http11.Http11NioProtocol-Initializing ProtocolHandler ["http-nio-8002"]
2022-01-12 10:43:24.828 [main] INFO  org.apache.catalina.core.StandardService-Starting service [Tomcat]
2022-01-12 10:43:24.828 [main] INFO  org.apache.catalina.core.StandardEngine-Starting Servlet engine: [Apache Tomcat/9.0.29]
2022-01-12 10:43:25.032 [main] INFO  org.apache.catalina.core.ContainerBase.[Tomcat].[localhost].[/]-Initializing Spring embedded WebApplicationContext
2022-01-12 10:43:25.033 [main] INFO  org.springframework.web.context.ContextLoader-Root WebApplicationContext: initialization completed in 1403 ms
2022-01-12 10:43:26.341 [main] INFO  springfox.documentation.spring.web.PropertySourcedRequestMappingHandlerMapping-Mapped URL path [/v2/api-docs] onto method [springfox.documentation.swagger2.web.Swagger2Controller#getDocumentation(String, HttpServletRequest)]
2022-01-12 10:43:26.359 [main] INFO  com.netflix.config.sources.URLConfigurationSource-To enable URLs as dynamic configuration sources, define System property archaius.configurationSource.additionalUrls or make config.properties available on classpath.
2022-01-12 10:43:26.362 [main] INFO  com.netflix.config.sources.URLConfigurationSource-To enable URLs as dynamic configuration sources, define System property archaius.configurationSource.additionalUrls or make config.properties available on classpath.
2022-01-12 10:43:26.463 [main] INFO  org.springframework.scheduling.concurrent.ThreadPoolTaskExecutor-Initializing ExecutorService 'applicationTaskExecutor'
2022-01-12 10:43:27.066 [main] INFO  org.springframework.scheduling.concurrent.ThreadPoolTaskScheduler-Initializing ExecutorService
2022-01-12 10:43:28.237 [main] INFO  springfox.documentation.spring.web.plugins.DocumentationPluginsBootstrapper-Context refreshed
2022-01-12 10:43:28.255 [main] INFO  springfox.documentation.spring.web.plugins.DocumentationPluginsBootstrapper-Found 1 custom documentation plugin(s)
2022-01-12 10:43:28.287 [main] INFO  springfox.documentation.spring.web.scanners.ApiListingReferenceScanner-Scanning for api listing references
2022-01-12 10:43:28.447 [main] INFO  springfox.documentation.spring.web.readers.operation.CachingOperationNameGenerator-Generating unique operation named: deleteUsingGET_1
2022-01-12 10:43:28.448 [main] INFO  springfox.documentation.spring.web.readers.operation.CachingOperationNameGenerator-Generating unique operation named: deleteUsingHEAD_1
2022-01-12 10:43:28.448 [main] INFO  springfox.documentation.spring.web.readers.operation.CachingOperationNameGenerator-Generating unique operation named: deleteUsingPOST_1
2022-01-12 10:43:28.449 [main] INFO  springfox.documentation.spring.web.readers.operation.CachingOperationNameGenerator-Generating unique operation named: deleteUsingPUT_1
2022-01-12 10:43:28.449 [main] INFO  springfox.documentation.spring.web.readers.operation.CachingOperationNameGenerator-Generating unique operation named: deleteUsingPATCH_1
2022-01-12 10:43:28.450 [main] INFO  springfox.documentation.spring.web.readers.operation.CachingOperationNameGenerator-Generating unique operation named: deleteUsingDELETE_1
2022-01-12 10:43:28.450 [main] INFO  springfox.documentation.spring.web.readers.operation.CachingOperationNameGenerator-Generating unique operation named: deleteUsingOPTIONS_1
2022-01-12 10:43:28.451 [main] INFO  springfox.documentation.spring.web.readers.operation.CachingOperationNameGenerator-Generating unique operation named: deleteUsingTRACE_1
2022-01-12 10:43:28.452 [main] INFO  springfox.documentation.spring.web.readers.operation.CachingOperationNameGenerator-Generating unique operation named: infoUsingGET_1
2022-01-12 10:43:28.453 [main] INFO  springfox.documentation.spring.web.readers.operation.CachingOperationNameGenerator-Generating unique operation named: infoUsingHEAD_1
2022-01-12 10:43:28.453 [main] INFO  springfox.documentation.spring.web.readers.operation.CachingOperationNameGenerator-Generating unique operation named: infoUsingPOST_1
2022-01-12 10:43:28.453 [main] INFO  springfox.documentation.spring.web.readers.operation.CachingOperationNameGenerator-Generating unique operation named: infoUsingPUT_1
2022-01-12 10:43:28.454 [main] INFO  springfox.documentation.spring.web.readers.operation.CachingOperationNameGenerator-Generating unique operation named: infoUsingPATCH_1
2022-01-12 10:43:28.454 [main] INFO  springfox.documentation.spring.web.readers.operation.CachingOperationNameGenerator-Generating unique operation named: infoUsingDELETE_1
2022-01-12 10:43:28.455 [main] INFO  springfox.documentation.spring.web.readers.operation.CachingOperationNameGenerator-Generating unique operation named: infoUsingOPTIONS_1
2022-01-12 10:43:28.455 [main] INFO  springfox.documentation.spring.web.readers.operation.CachingOperationNameGenerator-Generating unique operation named: infoUsingTRACE_1
2022-01-12 10:43:28.456 [main] INFO  springfox.documentation.spring.web.readers.operation.CachingOperationNameGenerator-Generating unique operation named: listUsingGET_1
2022-01-12 10:43:28.456 [main] INFO  springfox.documentation.spring.web.readers.operation.CachingOperationNameGenerator-Generating unique operation named: listUsingHEAD_1
2022-01-12 10:43:28.457 [main] INFO  springfox.documentation.spring.web.readers.operation.CachingOperationNameGenerator-Generating unique operation named: listUsingPOST_1
2022-01-12 10:43:28.457 [main] INFO  springfox.documentation.spring.web.readers.operation.CachingOperationNameGenerator-Generating unique operation named: listUsingPUT_1
2022-01-12 10:43:28.458 [main] INFO  springfox.documentation.spring.web.readers.operation.CachingOperationNameGenerator-Generating unique operation named: listUsingPATCH_1
2022-01-12 10:43:28.458 [main] INFO  springfox.documentation.spring.web.readers.operation.CachingOperationNameGenerator-Generating unique operation named: listUsingDELETE_1
2022-01-12 10:43:28.459 [main] INFO  springfox.documentation.spring.web.readers.operation.CachingOperationNameGenerator-Generating unique operation named: listUsingOPTIONS_1
2022-01-12 10:43:28.459 [main] INFO  springfox.documentation.spring.web.readers.operation.CachingOperationNameGenerator-Generating unique operation named: listUsingTRACE_1
2022-01-12 10:43:28.462 [main] INFO  springfox.documentation.spring.web.readers.operation.CachingOperationNameGenerator-Generating unique operation named: saveUsingGET_1
2022-01-12 10:43:28.462 [main] INFO  springfox.documentation.spring.web.readers.operation.CachingOperationNameGenerator-Generating unique operation named: saveUsingHEAD_1
2022-01-12 10:43:28.462 [main] INFO  springfox.documentation.spring.web.readers.operation.CachingOperationNameGenerator-Generating unique operation named: saveUsingPOST_1
2022-01-12 10:43:28.463 [main] INFO  springfox.documentation.spring.web.readers.operation.CachingOperationNameGenerator-Generating unique operation named: saveUsingPUT_1
2022-01-12 10:43:28.463 [main] INFO  springfox.documentation.spring.web.readers.operation.CachingOperationNameGenerator-Generating unique operation named: saveUsingPATCH_1
2022-01-12 10:43:28.464 [main] INFO  springfox.documentation.spring.web.readers.operation.CachingOperationNameGenerator-Generating unique operation named: saveUsingDELETE_1
2022-01-12 10:43:28.464 [main] INFO  springfox.documentation.spring.web.readers.operation.CachingOperationNameGenerator-Generating unique operation named: saveUsingOPTIONS_1
2022-01-12 10:43:28.464 [main] INFO  springfox.documentation.spring.web.readers.operation.CachingOperationNameGenerator-Generating unique operation named: saveUsingTRACE_1
2022-01-12 10:43:28.465 [main] INFO  springfox.documentation.spring.web.readers.operation.CachingOperationNameGenerator-Generating unique operation named: updateUsingGET_1
2022-01-12 10:43:28.465 [main] INFO  springfox.documentation.spring.web.readers.operation.CachingOperationNameGenerator-Generating unique operation named: updateUsingHEAD_1
2022-01-12 10:43:28.466 [main] INFO  springfox.documentation.spring.web.readers.operation.CachingOperationNameGenerator-Generating unique operation named: updateUsingPOST_1
2022-01-12 10:43:28.466 [main] INFO  springfox.documentation.spring.web.readers.operation.CachingOperationNameGenerator-Generating unique operation named: updateUsingPUT_1
2022-01-12 10:43:28.466 [main] INFO  springfox.documentation.spring.web.readers.operation.CachingOperationNameGenerator-Generating unique operation named: updateUsingPATCH_1
2022-01-12 10:43:28.467 [main] INFO  springfox.documentation.spring.web.readers.operation.CachingOperationNameGenerator-Generating unique operation named: updateUsingDELETE_1
2022-01-12 10:43:28.467 [main] INFO  springfox.documentation.spring.web.readers.operation.CachingOperationNameGenerator-Generating unique operation named: updateUsingOPTIONS_1
2022-01-12 10:43:28.468 [main] INFO  springfox.documentation.spring.web.readers.operation.CachingOperationNameGenerator-Generating unique operation named: updateUsingTRACE_1
2022-01-12 10:43:28.482 [main] INFO  org.apache.coyote.http11.Http11NioProtocol-Starting ProtocolHandler ["http-nio-8002"]
2022-01-12 10:43:28.501 [main] INFO  org.springframework.boot.web.embedded.tomcat.TomcatWebServer-Tomcat started on port(s): 8002 (http) with context path ''
2022-01-12 10:43:29.034 [main] INFO  com.gotostudy.study.edu.StudyEduApplication-Started StudyEduApplication in 7.376 seconds (JVM running for 9.593)
2022-01-12 10:43:43.406 [http-nio-8002-exec-1] INFO  org.apache.catalina.core.ContainerBase.[Tomcat].[localhost].[/]-Initializing Spring DispatcherServlet 'dispatcherServlet'
2022-01-12 10:43:43.407 [http-nio-8002-exec-1] INFO  org.springframework.web.servlet.DispatcherServlet-Initializing Servlet 'dispatcherServlet'
2022-01-12 10:43:43.413 [http-nio-8002-exec-1] INFO  org.springframework.web.servlet.DispatcherServlet-Completed initialization in 6 ms
2022-01-12 10:44:49.126 [http-nio-8002-exec-1] INFO  com.zaxxer.hikari.HikariDataSource-HikariPool-1 - Starting...
2022-01-12 10:44:49.781 [http-nio-8002-exec-1] INFO  com.zaxxer.hikari.HikariDataSource-HikariPool-1 - Start completed.
